Linked: (/home/shashank/ws_task3/devel/.private/gazebo_conveyor/include/gazebo_conveyor/ConveyorBeltControlResponse.h, /home/shashank/ws_task3/devel/include/gazebo_conveyor/ConveyorBeltControlResponse.h)
Linked: (/home/shashank/ws_task3/devel/.private/gazebo_conveyor/include/gazebo_conveyor/ConveyorBeltState.h, /home/shashank/ws_task3/devel/include/gazebo_conveyor/ConveyorBeltState.h)
Linked: (/home/shashank/ws_task3/devel/.private/gazebo_conveyor/include/gazebo_conveyor/ConveyorBeltControl.h, /home/shashank/ws_task3/devel/include/gazebo_conveyor/ConveyorBeltControl.h)
Linked: (/home/shashank/ws_task3/devel/.private/gazebo_conveyor/include/gazebo_conveyor/ConveyorBeltControlRequest.h, /home/shashank/ws_task3/devel/include/gazebo_conveyor/ConveyorBeltControlRequest.h)
Linked: (/home/shashank/ws_task3/devel/.private/gazebo_conveyor/share/roseus/ros/gazebo_conveyor/manifest.l, /home/shashank/ws_task3/devel/share/roseus/ros/gazebo_conveyor/manifest.l)
Linked: (/home/shashank/ws_task3/devel/.private/gazebo_conveyor/share/roseus/ros/gazebo_conveyor/msg/ConveyorBeltState.l, /home/shashank/ws_task3/devel/share/roseus/ros/gazebo_conveyor/msg/ConveyorBeltState.l)
Linked: (/home/shashank/ws_task3/devel/.private/gazebo_conveyor/share/roseus/ros/gazebo_conveyor/srv/ConveyorBeltControl.l, /home/shashank/ws_task3/devel/share/roseus/ros/gazebo_conveyor/srv/ConveyorBeltControl.l)
Linked: (/home/shashank/ws_task3/devel/.private/gazebo_conveyor/share/gennodejs/ros/gazebo_conveyor/_index.js, /home/shashank/ws_task3/devel/share/gennodejs/ros/gazebo_conveyor/_index.js)
Linked: (/home/shashank/ws_task3/devel/.private/gazebo_conveyor/share/gennodejs/ros/gazebo_conveyor/msg/_index.js, /home/shashank/ws_task3/devel/share/gennodejs/ros/gazebo_conveyor/msg/_index.js)
Linked: (/home/shashank/ws_task3/devel/.private/gazebo_conveyor/share/gennodejs/ros/gazebo_conveyor/msg/ConveyorBeltState.js, /home/shashank/ws_task3/devel/share/gennodejs/ros/gazebo_conveyor/msg/ConveyorBeltState.js)
Linked: (/home/shashank/ws_task3/devel/.private/gazebo_conveyor/share/gennodejs/ros/gazebo_conveyor/srv/_index.js, /home/shashank/ws_task3/devel/share/gennodejs/ros/gazebo_conveyor/srv/_index.js)
Linked: (/home/shashank/ws_task3/devel/.private/gazebo_conveyor/share/gennodejs/ros/gazebo_conveyor/srv/ConveyorBeltControl.js, /home/shashank/ws_task3/devel/share/gennodejs/ros/gazebo_conveyor/srv/ConveyorBeltControl.js)
Linked: (/home/shashank/ws_task3/devel/.private/gazebo_conveyor/share/gazebo_conveyor/cmake/gazebo_conveyor-msg-paths.cmake, /home/shashank/ws_task3/devel/share/gazebo_conveyor/cmake/gazebo_conveyor-msg-paths.cmake)
Linked: (/home/shashank/ws_task3/devel/.private/gazebo_conveyor/share/gazebo_conveyor/cmake/gazebo_conveyorConfig-version.cmake, /home/shashank/ws_task3/devel/share/gazebo_conveyor/cmake/gazebo_conveyorConfig-version.cmake)
Linked: (/home/shashank/ws_task3/devel/.private/gazebo_conveyor/share/gazebo_conveyor/cmake/gazebo_conveyor-msg-extras.cmake, /home/shashank/ws_task3/devel/share/gazebo_conveyor/cmake/gazebo_conveyor-msg-extras.cmake)
Linked: (/home/shashank/ws_task3/devel/.private/gazebo_conveyor/share/gazebo_conveyor/cmake/gazebo_conveyorConfig.cmake, /home/shashank/ws_task3/devel/share/gazebo_conveyor/cmake/gazebo_conveyorConfig.cmake)
Linked: (/home/shashank/ws_task3/devel/.private/gazebo_conveyor/share/common-lisp/ros/gazebo_conveyor/msg/_package_ConveyorBeltState.lisp, /home/shashank/ws_task3/devel/share/common-lisp/ros/gazebo_conveyor/msg/_package_ConveyorBeltState.lisp)
Linked: (/home/shashank/ws_task3/devel/.private/gazebo_conveyor/share/common-lisp/ros/gazebo_conveyor/msg/ConveyorBeltState.lisp, /home/shashank/ws_task3/devel/share/common-lisp/ros/gazebo_conveyor/msg/ConveyorBeltState.lisp)
Linked: (/home/shashank/ws_task3/devel/.private/gazebo_conveyor/share/common-lisp/ros/gazebo_conveyor/msg/gazebo_conveyor-msg.asd, /home/shashank/ws_task3/devel/share/common-lisp/ros/gazebo_conveyor/msg/gazebo_conveyor-msg.asd)
Linked: (/home/shashank/ws_task3/devel/.private/gazebo_conveyor/share/common-lisp/ros/gazebo_conveyor/msg/_package.lisp, /home/shashank/ws_task3/devel/share/common-lisp/ros/gazebo_conveyor/msg/_package.lisp)
Linked: (/home/shashank/ws_task3/devel/.private/gazebo_conveyor/share/common-lisp/ros/gazebo_conveyor/srv/gazebo_conveyor-srv.asd, /home/shashank/ws_task3/devel/share/common-lisp/ros/gazebo_conveyor/srv/gazebo_conveyor-srv.asd)
Linked: (/home/shashank/ws_task3/devel/.private/gazebo_conveyor/share/common-lisp/ros/gazebo_conveyor/srv/_package_ConveyorBeltControl.lisp, /home/shashank/ws_task3/devel/share/common-lisp/ros/gazebo_conveyor/srv/_package_ConveyorBeltControl.lisp)
Linked: (/home/shashank/ws_task3/devel/.private/gazebo_conveyor/share/common-lisp/ros/gazebo_conveyor/srv/_package.lisp, /home/shashank/ws_task3/devel/share/common-lisp/ros/gazebo_conveyor/srv/_package.lisp)
Linked: (/home/shashank/ws_task3/devel/.private/gazebo_conveyor/share/common-lisp/ros/gazebo_conveyor/srv/ConveyorBeltControl.lisp, /home/shashank/ws_task3/devel/share/common-lisp/ros/gazebo_conveyor/srv/ConveyorBeltControl.lisp)
Linked: (/home/shashank/ws_task3/devel/.private/gazebo_conveyor/lib/libROSConveyorBeltPlugin.so, /home/shashank/ws_task3/devel/lib/libROSConveyorBeltPlugin.so)
Linked: (/home/shashank/ws_task3/devel/.private/gazebo_conveyor/lib/libConveyorBeltPlugin.so, /home/shashank/ws_task3/devel/lib/libConveyorBeltPlugin.so)
Linked: (/home/shashank/ws_task3/devel/.private/gazebo_conveyor/lib/python2.7/dist-packages/gazebo_conveyor/__init__.py, /home/shashank/ws_task3/devel/lib/python2.7/dist-packages/gazebo_conveyor/__init__.py)
Linked: (/home/shashank/ws_task3/devel/.private/gazebo_conveyor/lib/python2.7/dist-packages/gazebo_conveyor/msg/__init__.py, /home/shashank/ws_task3/devel/lib/python2.7/dist-packages/gazebo_conveyor/msg/__init__.py)
Linked: (/home/shashank/ws_task3/devel/.private/gazebo_conveyor/lib/python2.7/dist-packages/gazebo_conveyor/msg/_ConveyorBeltState.py, /home/shashank/ws_task3/devel/lib/python2.7/dist-packages/gazebo_conveyor/msg/_ConveyorBeltState.py)
Linked: (/home/shashank/ws_task3/devel/.private/gazebo_conveyor/lib/python2.7/dist-packages/gazebo_conveyor/srv/_ConveyorBeltControl.py, /home/shashank/ws_task3/devel/lib/python2.7/dist-packages/gazebo_conveyor/srv/_ConveyorBeltControl.py)
Linked: (/home/shashank/ws_task3/devel/.private/gazebo_conveyor/lib/python2.7/dist-packages/gazebo_conveyor/srv/__init__.py, /home/shashank/ws_task3/devel/lib/python2.7/dist-packages/gazebo_conveyor/srv/__init__.py)
Linked: (/home/shashank/ws_task3/devel/.private/gazebo_conveyor/lib/pkgconfig/gazebo_conveyor.pc, /home/shashank/ws_task3/devel/lib/pkgconfig/gazebo_conveyor.pc)
