[  0%] Built target geometry_msgs_generate_messages_cpp
[  0%] Built target std_msgs_generate_messages_cpp
[ 11%] Built target ConveyorBeltPlugin
[ 11%] Built target _gazebo_conveyor_generate_messages_check_deps_ConveyorBeltState
[ 11%] Built target _gazebo_conveyor_generate_messages_check_deps_ConveyorBeltControl
[ 11%] Built target std_msgs_generate_messages_py
[ 11%] Built target std_msgs_generate_messages_nodejs
[ 11%] Built target geometry_msgs_generate_messages_py
[ 11%] Built target std_msgs_generate_messages_lisp
[ 11%] Built target geometry_msgs_generate_messages_nodejs
[ 11%] Built target geometry_msgs_generate_messages_lisp
[ 11%] Built target std_msgs_generate_messages_eus
[ 11%] Built target geometry_msgs_generate_messages_eus
[ 23%] Built target gazebo_conveyor_generate_messages_cpp
[ 47%] Built target gazebo_conveyor_generate_messages_py
[ 58%] Built target gazebo_conveyor_generate_messages_lisp
[ 70%] Built target gazebo_conveyor_generate_messages_nodejs
[ 88%] Built target gazebo_conveyor_generate_messages_eus
[ 88%] Built target gazebo_conveyor_generate_messages
[100%] Built target ROSConveyorBeltPlugin
