Determining if the pthread_create exist failed with the following output:
Change Dir: /home/shashank/ws_task3/build/gazebo_logical_camera/CMakeFiles/CMakeTmp

Run Build Command:"/usr/bin/make" "cmTC_28d80/fast"
/usr/bin/make -f CMakeFiles/cmTC_28d80.dir/build.make CMakeFiles/cmTC_28d80.dir/build
make[1]: Entering directory '/home/shashank/ws_task3/build/gazebo_logical_camera/CMakeFiles/CMakeTmp'
Building C object CMakeFiles/cmTC_28d80.dir/CheckSymbolExists.c.o
/usr/bin/cc    -o CMakeFiles/cmTC_28d80.dir/CheckSymbolExists.c.o   -c /home/shashank/ws_task3/build/gazebo_logical_camera/CMakeFiles/CMakeTmp/CheckSymbolExists.c
Linking C executable cmTC_28d80
/usr/bin/cmake -E cmake_link_script CMakeFiles/cmTC_28d80.dir/link.txt --verbose=1
/usr/bin/cc      -rdynamic CMakeFiles/cmTC_28d80.dir/CheckSymbolExists.c.o  -o cmTC_28d80 
CMakeFiles/cmTC_28d80.dir/CheckSymbolExists.c.o: In function `main':
CheckSymbolExists.c:(.text+0x1b): undefined reference to `pthread_create'
collect2: error: ld returned 1 exit status
CMakeFiles/cmTC_28d80.dir/build.make:97: recipe for target 'cmTC_28d80' failed
make[1]: *** [cmTC_28d80] Error 1
make[1]: Leaving directory '/home/shashank/ws_task3/build/gazebo_logical_camera/CMakeFiles/CMakeTmp'
Makefile:126: recipe for target 'cmTC_28d80/fast' failed
make: *** [cmTC_28d80/fast] Error 2

File /home/shashank/ws_task3/build/gazebo_logical_camera/CMakeFiles/CMakeTmp/CheckSymbolExists.c:
/* */
#include <pthread.h>

int main(int argc, char** argv)
{
  (void)argv;
#ifndef pthread_create
  return ((int*)(&pthread_create))[argc];
#else
  (void)argc;
  return 0;
#endif
}

Determining if the function pthread_create exists in the pthreads failed with the following output:
Change Dir: /home/shashank/ws_task3/build/gazebo_logical_camera/CMakeFiles/CMakeTmp

Run Build Command:"/usr/bin/make" "cmTC_2a77b/fast"
/usr/bin/make -f CMakeFiles/cmTC_2a77b.dir/build.make CMakeFiles/cmTC_2a77b.dir/build
make[1]: Entering directory '/home/shashank/ws_task3/build/gazebo_logical_camera/CMakeFiles/CMakeTmp'
Building C object CMakeFiles/cmTC_2a77b.dir/CheckFunctionExists.c.o
/usr/bin/cc   -DCHECK_FUNCTION_EXISTS=pthread_create   -o CMakeFiles/cmTC_2a77b.dir/CheckFunctionExists.c.o   -c /usr/share/cmake-3.10/Modules/CheckFunctionExists.c
Linking C executable cmTC_2a77b
/usr/bin/cmake -E cmake_link_script CMakeFiles/cmTC_2a77b.dir/link.txt --verbose=1
/usr/bin/cc  -DCHECK_FUNCTION_EXISTS=pthread_create    -rdynamic CMakeFiles/cmTC_2a77b.dir/CheckFunctionExists.c.o  -o cmTC_2a77b -lpthreads 
/usr/bin/ld: cannot find -lpthreads
collect2: error: ld returned 1 exit status
CMakeFiles/cmTC_2a77b.dir/build.make:97: recipe for target 'cmTC_2a77b' failed
make[1]: *** [cmTC_2a77b] Error 1
make[1]: Leaving directory '/home/shashank/ws_task3/build/gazebo_logical_camera/CMakeFiles/CMakeTmp'
Makefile:126: recipe for target 'cmTC_2a77b/fast' failed
make: *** [cmTC_2a77b/fast] Error 2


