Determining if the pthread_create exist failed with the following output:
Change Dir: /home/shashank/ws_task3/build/catkin_tools_prebuild/CMakeFiles/CMakeTmp

Run Build Command:"/usr/bin/make" "cmTC_b14ec/fast"
/usr/bin/make -f CMakeFiles/cmTC_b14ec.dir/build.make CMakeFiles/cmTC_b14ec.dir/build
make[1]: Entering directory '/home/shashank/ws_task3/build/catkin_tools_prebuild/CMakeFiles/CMakeTmp'
Building C object CMakeFiles/cmTC_b14ec.dir/CheckSymbolExists.c.o
/usr/bin/cc    -o CMakeFiles/cmTC_b14ec.dir/CheckSymbolExists.c.o   -c /home/shashank/ws_task3/build/catkin_tools_prebuild/CMakeFiles/CMakeTmp/CheckSymbolExists.c
Linking C executable cmTC_b14ec
/usr/bin/cmake -E cmake_link_script CMakeFiles/cmTC_b14ec.dir/link.txt --verbose=1
/usr/bin/cc      -rdynamic CMakeFiles/cmTC_b14ec.dir/CheckSymbolExists.c.o  -o cmTC_b14ec 
CMakeFiles/cmTC_b14ec.dir/CheckSymbolExists.c.o: In function `main':
CheckSymbolExists.c:(.text+0x1b): undefined reference to `pthread_create'
collect2: error: ld returned 1 exit status
CMakeFiles/cmTC_b14ec.dir/build.make:97: recipe for target 'cmTC_b14ec' failed
make[1]: *** [cmTC_b14ec] Error 1
make[1]: Leaving directory '/home/shashank/ws_task3/build/catkin_tools_prebuild/CMakeFiles/CMakeTmp'
Makefile:126: recipe for target 'cmTC_b14ec/fast' failed
make: *** [cmTC_b14ec/fast] Error 2

File /home/shashank/ws_task3/build/catkin_tools_prebuild/CMakeFiles/CMakeTmp/CheckSymbolExists.c:
/* */
#include <pthread.h>

int main(int argc, char** argv)
{
  (void)argv;
#ifndef pthread_create
  return ((int*)(&pthread_create))[argc];
#else
  (void)argc;
  return 0;
#endif
}

Determining if the function pthread_create exists in the pthreads failed with the following output:
Change Dir: /home/shashank/ws_task3/build/catkin_tools_prebuild/CMakeFiles/CMakeTmp

Run Build Command:"/usr/bin/make" "cmTC_8292b/fast"
/usr/bin/make -f CMakeFiles/cmTC_8292b.dir/build.make CMakeFiles/cmTC_8292b.dir/build
make[1]: Entering directory '/home/shashank/ws_task3/build/catkin_tools_prebuild/CMakeFiles/CMakeTmp'
Building C object CMakeFiles/cmTC_8292b.dir/CheckFunctionExists.c.o
/usr/bin/cc   -DCHECK_FUNCTION_EXISTS=pthread_create   -o CMakeFiles/cmTC_8292b.dir/CheckFunctionExists.c.o   -c /usr/share/cmake-3.10/Modules/CheckFunctionExists.c
Linking C executable cmTC_8292b
/usr/bin/cmake -E cmake_link_script CMakeFiles/cmTC_8292b.dir/link.txt --verbose=1
/usr/bin/cc  -DCHECK_FUNCTION_EXISTS=pthread_create    -rdynamic CMakeFiles/cmTC_8292b.dir/CheckFunctionExists.c.o  -o cmTC_8292b -lpthreads 
/usr/bin/ld: cannot find -lpthreads
collect2: error: ld returned 1 exit status
CMakeFiles/cmTC_8292b.dir/build.make:97: recipe for target 'cmTC_8292b' failed
make[1]: *** [cmTC_8292b] Error 1
make[1]: Leaving directory '/home/shashank/ws_task3/build/catkin_tools_prebuild/CMakeFiles/CMakeTmp'
Makefile:126: recipe for target 'cmTC_8292b/fast' failed
make: *** [cmTC_8292b/fast] Error 2


