[  2%] Built target gazebo_ros_vacuum_gripper
[  4%] Built target gazebo_ros_ft_sensor
[  7%] Built target gazebo_ros_template
[  9%] Built target gazebo_ros_range
[ 12%] Built target gazebo_ros_video
[ 14%] Built target gazebo_ros_utils
[ 17%] Built target gazebo_ros_planar_move
[ 19%] Built target gazebo_ros_hand_of_god
[ 19%] Built target diagnostic_msgs_generate_messages_nodejs
[ 19%] Built target tf2_msgs_generate_messages_eus
[ 19%] Built target diagnostic_msgs_generate_messages_lisp
[ 19%] Built target polled_camera_generate_messages_eus
[ 19%] Built target diagnostic_msgs_generate_messages_eus
[ 19%] Built target polled_camera_generate_messages_cpp
[ 19%] Built target dynamic_reconfigure_generate_messages_py
[ 19%] Built target polled_camera_generate_messages_py
[ 19%] Built target dynamic_reconfigure_generate_messages_nodejs
[ 19%] Built target dynamic_reconfigure_generate_messages_eus
[ 19%] Built target tf2_msgs_generate_messages_nodejs
[ 19%] Built target std_srvs_generate_messages_cpp
[ 19%] Built target std_srvs_generate_messages_py
[ 19%] Built target geometry_msgs_generate_messages_py
[ 19%] Built target geometry_msgs_generate_messages_lisp
[ 19%] Built target sensor_msgs_generate_messages_nodejs
[ 19%] Built target actionlib_generate_messages_cpp
[ 19%] Built target geometry_msgs_generate_messages_eus
[ 19%] Built target roscpp_generate_messages_cpp
[ 19%] Built target polled_camera_generate_messages_nodejs
[ 19%] Built target trajectory_msgs_generate_messages_eus
[ 19%] Built target roscpp_generate_messages_py
[ 19%] Built target polled_camera_generate_messages_lisp
[ 19%] Built target trajectory_msgs_generate_messages_cpp
[ 19%] Built target dynamic_reconfigure_generate_messages_cpp
[ 19%] Built target tf_generate_messages_py
[ 19%] Built target sensor_msgs_generate_messages_eus
[ 19%] Built target std_msgs_generate_messages_cpp
[ 19%] Built target sensor_msgs_generate_messages_py
[ 19%] Built target actionlib_msgs_generate_messages_nodejs
[ 19%] Built target nav_msgs_generate_messages_nodejs
[ 19%] Built target nodelet_generate_messages_py
[ 19%] Built target trajectory_msgs_generate_messages_py
[ 19%] Built target std_msgs_generate_messages_eus
[ 19%] Built target geometry_msgs_generate_messages_nodejs
[ 19%] Built target gazebo_msgs_generate_messages_eus
[ 19%] Built target gazebo_msgs_generate_messages_py
[ 19%] Built target nodelet_generate_messages_cpp
[ 19%] Built target sensor_msgs_generate_messages_lisp
[ 19%] Built target nav_msgs_generate_messages_cpp
[ 19%] Built target bond_generate_messages_py
[ 19%] Built target std_srvs_generate_messages_nodejs
[ 19%] Built target geometry_msgs_generate_messages_cpp
[ 19%] Built target dynamic_reconfigure_generate_messages_lisp
[ 19%] Built target gazebo_msgs_generate_messages_cpp
[ 19%] Built target std_msgs_generate_messages_nodejs
[ 19%] Built target actionlib_generate_messages_lisp
[ 19%] Built target bond_generate_messages_lisp
[ 19%] Built target sensor_msgs_generate_messages_cpp
[ 19%] Built target roscpp_generate_messages_nodejs
[ 19%] Built target std_msgs_generate_messages_lisp
[ 19%] Built target gazebo_msgs_generate_messages_lisp
[ 19%] Built target std_srvs_generate_messages_eus
[ 19%] Built target diagnostic_msgs_generate_messages_py
[ 19%] Built target roscpp_generate_messages_lisp
[ 19%] Built target bond_generate_messages_eus
[ 19%] Built target _catkin_empty_exported_target
[ 19%] Built target std_srvs_generate_messages_lisp
[ 19%] Built target rosgraph_msgs_generate_messages_cpp
[ 19%] Built target gazebo_msgs_generate_messages_nodejs
[ 19%] Built target std_msgs_generate_messages_py
[ 19%] Built target rosgraph_msgs_generate_messages_eus
[ 19%] Built target rosgraph_msgs_generate_messages_lisp
[ 19%] Built target rosgraph_msgs_generate_messages_nodejs
[ 19%] Built target nodelet_generate_messages_lisp
[ 19%] Built target roscpp_generate_messages_eus
[ 19%] Built target rosgraph_msgs_generate_messages_py
[ 19%] Built target nodelet_generate_messages_eus
[ 19%] Built target actionlib_msgs_generate_messages_eus
[ 19%] Built target nodelet_generate_messages_nodejs
[ 19%] Built target trajectory_msgs_generate_messages_lisp
[ 19%] Built target bond_generate_messages_cpp
[ 19%] Built target tf_generate_messages_eus
[ 19%] Built target trajectory_msgs_generate_messages_nodejs
[ 19%] Built target actionlib_msgs_generate_messages_cpp
[ 19%] Built target bond_generate_messages_nodejs
[ 19%] Built target nav_msgs_generate_messages_lisp
[ 19%] Built target dynamic_reconfigure_gencfg
[ 19%] Built target nav_msgs_generate_messages_py
[ 19%] Built target tf2_msgs_generate_messages_lisp
[ 19%] Built target actionlib_msgs_generate_messages_lisp
[ 19%] Built target actionlib_msgs_generate_messages_py
[ 19%] Built target tf_generate_messages_nodejs
[ 19%] Built target tf_generate_messages_lisp
[ 19%] Built target diagnostic_msgs_generate_messages_cpp
[ 19%] Built target tf_generate_messages_cpp
[ 19%] Built target actionlib_generate_messages_eus
[ 19%] Built target tf2_msgs_generate_messages_py
[ 19%] Built target actionlib_generate_messages_nodejs
[ 19%] Built target actionlib_generate_messages_py
[ 19%] Built target tf2_msgs_generate_messages_cpp
[ 19%] Built target nav_msgs_generate_messages_eus
[ 22%] Built target gazebo_ros_force
[ 24%] Built target gazebo_ros_projector
[ 29%] Built target gazebo_ros_block_laser
[ 29%] Built target gazebo_ros_imu
[ 32%] Built target MultiCameraPlugin
[ 34%] Built target gazebo_ros_laser
[ 37%] Built target gazebo_ros_skid_steer_drive
[ 39%] Built target pub_joint_trajectory_test
[ 44%] Built target gazebo_ros_imu_sensor
[ 44%] Built target gazebo_ros_tricycle_drive
[ 46%] Built target gazebo_ros_f3d
[ 49%] Built target gazebo_ros_p3d
[ 51%] Built target gazebo_ros_gpu_laser
[ 58%] Built target gazebo_plugins_gencfg
[ 60%] Built target gazebo_ros_diff_drive
[ 62%] Built target gazebo_ros_joint_state_publisher
[ 65%] Built target gazebo_ros_harness
[ 67%] Built target gazebo_ros_bumper
[ 70%] Built target vision_reconfigure
[ 72%] Built target gazebo_ros_joint_pose_trajectory
[ 75%] Built target hokuyo_node
[ 77%] Built target gazebo_ros_elevator
[ 80%] Built target gazebo_ros_camera_utils
[ 82%] Built target camera_synchronizer
[ 85%] Built target gazebo_ros_openni_kinect
[ 87%] Built target gazebo_ros_depth_camera
[ 90%] Built target gazebo_ros_camera
[ 92%] Built target gazebo_ros_prosilica
[ 95%] Built target gazebo_ros_multicamera
[ 97%] Built target gazebo_ros_triggered_camera
[100%] Built target gazebo_ros_triggered_multicamera
