[  0%] Built target _hrwros_gazebo_generate_messages_check_deps_LogicalCameraImage
[  0%] Built target _hrwros_gazebo_generate_messages_check_deps_Proximity
[  0%] Built target _hrwros_gazebo_generate_messages_check_deps_Model
[  0%] Built target _hrwros_gazebo_generate_messages_check_deps_VacuumGripperState
[  0%] Built target _hrwros_gazebo_generate_messages_check_deps_ConveyorBeltState
[  0%] Built target _hrwros_gazebo_generate_messages_check_deps_VacuumGripperControl
[  0%] Built target std_msgs_generate_messages_nodejs
[  0%] Built target _hrwros_gazebo_generate_messages_check_deps_ConveyorBeltControl
[  0%] Built target geometry_msgs_generate_messages_nodejs
[  0%] Built target std_msgs_generate_messages_py
[  0%] Built target geometry_msgs_generate_messages_py
[  0%] Built target geometry_msgs_generate_messages_eus
[  0%] Built target std_msgs_generate_messages_lisp
[  0%] Built target geometry_msgs_generate_messages_lisp
[  0%] Built target std_msgs_generate_messages_eus
[  0%] Built target geometry_msgs_generate_messages_cpp
[  0%] Built target std_msgs_generate_messages_cpp
[  0%] Built target hrwros_gazebo_xacro_generated_to_devel_space_
[  3%] Built target urdf_creator
[  6%] Built target SideContactPlugin
[ 18%] Built target hrwros_gazebo_generate_messages_nodejs
[ 33%] Built target hrwros_gazebo_generate_messages_py
[ 45%] Built target hrwros_gazebo_generate_messages_lisp
[ 58%] Built target hrwros_gazebo_generate_messages_eus
[ 61%] Built target ProximityRayPlugin
[ 73%] Built target hrwros_gazebo_generate_messages_cpp
[ 76%] Built target VacuumGripperPlugin
[ 80%] Built target urdf_creator_test_node
[ 83%] Built target conveyor_spawner
[ 86%] Built target ObjectDisposalPlugin
[ 86%] Built target hrwros_gazebo_generate_messages
[ 90%] Built target ROSVacuumGripperPlugin
[ 93%] Built target conveyor_spawner_node
[ 96%] Built target ROSProximityRayPlugin
[100%] Built target ROSLogicalCameraPlugin
