Determining if the pthread_create exist failed with the following output:
Change Dir: /home/shashank/ws_task3/build/ur10_e_moveit_config/CMakeFiles/CMakeTmp

Run Build Command:"/usr/bin/make" "cmTC_b3c1f/fast"
/usr/bin/make -f CMakeFiles/cmTC_b3c1f.dir/build.make CMakeFiles/cmTC_b3c1f.dir/build
make[1]: Entering directory '/home/shashank/ws_task3/build/ur10_e_moveit_config/CMakeFiles/CMakeTmp'
Building C object CMakeFiles/cmTC_b3c1f.dir/CheckSymbolExists.c.o
/usr/bin/cc    -o CMakeFiles/cmTC_b3c1f.dir/CheckSymbolExists.c.o   -c /home/shashank/ws_task3/build/ur10_e_moveit_config/CMakeFiles/CMakeTmp/CheckSymbolExists.c
Linking C executable cmTC_b3c1f
/usr/bin/cmake -E cmake_link_script CMakeFiles/cmTC_b3c1f.dir/link.txt --verbose=1
/usr/bin/cc      -rdynamic CMakeFiles/cmTC_b3c1f.dir/CheckSymbolExists.c.o  -o cmTC_b3c1f 
CMakeFiles/cmTC_b3c1f.dir/CheckSymbolExists.c.o: In function `main':
CheckSymbolExists.c:(.text+0x1b): undefined reference to `pthread_create'
collect2: error: ld returned 1 exit status
CMakeFiles/cmTC_b3c1f.dir/build.make:97: recipe for target 'cmTC_b3c1f' failed
make[1]: *** [cmTC_b3c1f] Error 1
make[1]: Leaving directory '/home/shashank/ws_task3/build/ur10_e_moveit_config/CMakeFiles/CMakeTmp'
Makefile:126: recipe for target 'cmTC_b3c1f/fast' failed
make: *** [cmTC_b3c1f/fast] Error 2

File /home/shashank/ws_task3/build/ur10_e_moveit_config/CMakeFiles/CMakeTmp/CheckSymbolExists.c:
/* */
#include <pthread.h>

int main(int argc, char** argv)
{
  (void)argv;
#ifndef pthread_create
  return ((int*)(&pthread_create))[argc];
#else
  (void)argc;
  return 0;
#endif
}

Determining if the function pthread_create exists in the pthreads failed with the following output:
Change Dir: /home/shashank/ws_task3/build/ur10_e_moveit_config/CMakeFiles/CMakeTmp

Run Build Command:"/usr/bin/make" "cmTC_c888a/fast"
/usr/bin/make -f CMakeFiles/cmTC_c888a.dir/build.make CMakeFiles/cmTC_c888a.dir/build
make[1]: Entering directory '/home/shashank/ws_task3/build/ur10_e_moveit_config/CMakeFiles/CMakeTmp'
Building C object CMakeFiles/cmTC_c888a.dir/CheckFunctionExists.c.o
/usr/bin/cc   -DCHECK_FUNCTION_EXISTS=pthread_create   -o CMakeFiles/cmTC_c888a.dir/CheckFunctionExists.c.o   -c /usr/share/cmake-3.10/Modules/CheckFunctionExists.c
Linking C executable cmTC_c888a
/usr/bin/cmake -E cmake_link_script CMakeFiles/cmTC_c888a.dir/link.txt --verbose=1
/usr/bin/cc  -DCHECK_FUNCTION_EXISTS=pthread_create    -rdynamic CMakeFiles/cmTC_c888a.dir/CheckFunctionExists.c.o  -o cmTC_c888a -lpthreads 
/usr/bin/ld: cannot find -lpthreads
collect2: error: ld returned 1 exit status
CMakeFiles/cmTC_c888a.dir/build.make:97: recipe for target 'cmTC_c888a' failed
make[1]: *** [cmTC_c888a] Error 1
make[1]: Leaving directory '/home/shashank/ws_task3/build/ur10_e_moveit_config/CMakeFiles/CMakeTmp'
Makefile:126: recipe for target 'cmTC_c888a/fast' failed
make: *** [cmTC_c888a/fast] Error 2


