Linked: (/home/shashank/ws_task3/devel/.private/gazebo_ros_link_attacher/include/gazebo_ros_link_attacher/AttachResponse.h, /home/shashank/ws_task3/devel/include/gazebo_ros_link_attacher/AttachResponse.h)
Linked: (/home/shashank/ws_task3/devel/.private/gazebo_ros_link_attacher/include/gazebo_ros_link_attacher/Attach.h, /home/shashank/ws_task3/devel/include/gazebo_ros_link_attacher/Attach.h)
Linked: (/home/shashank/ws_task3/devel/.private/gazebo_ros_link_attacher/include/gazebo_ros_link_attacher/AttachRequest.h, /home/shashank/ws_task3/devel/include/gazebo_ros_link_attacher/AttachRequest.h)
Linked: (/home/shashank/ws_task3/devel/.private/gazebo_ros_link_attacher/share/roseus/ros/gazebo_ros_link_attacher/manifest.l, /home/shashank/ws_task3/devel/share/roseus/ros/gazebo_ros_link_attacher/manifest.l)
Linked: (/home/shashank/ws_task3/devel/.private/gazebo_ros_link_attacher/share/roseus/ros/gazebo_ros_link_attacher/srv/Attach.l, /home/shashank/ws_task3/devel/share/roseus/ros/gazebo_ros_link_attacher/srv/Attach.l)
Linked: (/home/shashank/ws_task3/devel/.private/gazebo_ros_link_attacher/share/gennodejs/ros/gazebo_ros_link_attacher/_index.js, /home/shashank/ws_task3/devel/share/gennodejs/ros/gazebo_ros_link_attacher/_index.js)
Linked: (/home/shashank/ws_task3/devel/.private/gazebo_ros_link_attacher/share/gennodejs/ros/gazebo_ros_link_attacher/srv/_index.js, /home/shashank/ws_task3/devel/share/gennodejs/ros/gazebo_ros_link_attacher/srv/_index.js)
Linked: (/home/shashank/ws_task3/devel/.private/gazebo_ros_link_attacher/share/gennodejs/ros/gazebo_ros_link_attacher/srv/Attach.js, /home/shashank/ws_task3/devel/share/gennodejs/ros/gazebo_ros_link_attacher/srv/Attach.js)
Linked: (/home/shashank/ws_task3/devel/.private/gazebo_ros_link_attacher/share/gazebo_ros_link_attacher/cmake/gazebo_ros_link_attacher-msg-paths.cmake, /home/shashank/ws_task3/devel/share/gazebo_ros_link_attacher/cmake/gazebo_ros_link_attacher-msg-paths.cmake)
Linked: (/home/shashank/ws_task3/devel/.private/gazebo_ros_link_attacher/share/gazebo_ros_link_attacher/cmake/gazebo_ros_link_attacherConfig-version.cmake, /home/shashank/ws_task3/devel/share/gazebo_ros_link_attacher/cmake/gazebo_ros_link_attacherConfig-version.cmake)
Linked: (/home/shashank/ws_task3/devel/.private/gazebo_ros_link_attacher/share/gazebo_ros_link_attacher/cmake/gazebo_ros_link_attacherConfig.cmake, /home/shashank/ws_task3/devel/share/gazebo_ros_link_attacher/cmake/gazebo_ros_link_attacherConfig.cmake)
Linked: (/home/shashank/ws_task3/devel/.private/gazebo_ros_link_attacher/share/gazebo_ros_link_attacher/cmake/gazebo_ros_link_attacher-msg-extras.cmake, /home/shashank/ws_task3/devel/share/gazebo_ros_link_attacher/cmake/gazebo_ros_link_attacher-msg-extras.cmake)
Linked: (/home/shashank/ws_task3/devel/.private/gazebo_ros_link_attacher/share/common-lisp/ros/gazebo_ros_link_attacher/srv/gazebo_ros_link_attacher-srv.asd, /home/shashank/ws_task3/devel/share/common-lisp/ros/gazebo_ros_link_attacher/srv/gazebo_ros_link_attacher-srv.asd)
Linked: (/home/shashank/ws_task3/devel/.private/gazebo_ros_link_attacher/share/common-lisp/ros/gazebo_ros_link_attacher/srv/_package.lisp, /home/shashank/ws_task3/devel/share/common-lisp/ros/gazebo_ros_link_attacher/srv/_package.lisp)
Linked: (/home/shashank/ws_task3/devel/.private/gazebo_ros_link_attacher/share/common-lisp/ros/gazebo_ros_link_attacher/srv/Attach.lisp, /home/shashank/ws_task3/devel/share/common-lisp/ros/gazebo_ros_link_attacher/srv/Attach.lisp)
Linked: (/home/shashank/ws_task3/devel/.private/gazebo_ros_link_attacher/share/common-lisp/ros/gazebo_ros_link_attacher/srv/_package_Attach.lisp, /home/shashank/ws_task3/devel/share/common-lisp/ros/gazebo_ros_link_attacher/srv/_package_Attach.lisp)
Linked: (/home/shashank/ws_task3/devel/.private/gazebo_ros_link_attacher/lib/libgazebo_ros_link_attacher.so, /home/shashank/ws_task3/devel/lib/libgazebo_ros_link_attacher.so)
Linked: (/home/shashank/ws_task3/devel/.private/gazebo_ros_link_attacher/lib/python2.7/dist-packages/gazebo_ros_link_attacher/__init__.py, /home/shashank/ws_task3/devel/lib/python2.7/dist-packages/gazebo_ros_link_attacher/__init__.py)
Linked: (/home/shashank/ws_task3/devel/.private/gazebo_ros_link_attacher/lib/python2.7/dist-packages/gazebo_ros_link_attacher/srv/_Attach.py, /home/shashank/ws_task3/devel/lib/python2.7/dist-packages/gazebo_ros_link_attacher/srv/_Attach.py)
Linked: (/home/shashank/ws_task3/devel/.private/gazebo_ros_link_attacher/lib/python2.7/dist-packages/gazebo_ros_link_attacher/srv/__init__.py, /home/shashank/ws_task3/devel/lib/python2.7/dist-packages/gazebo_ros_link_attacher/srv/__init__.py)
Linked: (/home/shashank/ws_task3/devel/.private/gazebo_ros_link_attacher/lib/pkgconfig/gazebo_ros_link_attacher.pc, /home/shashank/ws_task3/devel/lib/pkgconfig/gazebo_ros_link_attacher.pc)
