Determining if the pthread_create exist failed with the following output:
Change Dir: /home/shashank/ws_task3/build/gazebo_ros_link_attacher/CMakeFiles/CMakeTmp

Run Build Command:"/usr/bin/make" "cmTC_3848e/fast"
/usr/bin/make -f CMakeFiles/cmTC_3848e.dir/build.make CMakeFiles/cmTC_3848e.dir/build
make[1]: Entering directory '/home/shashank/ws_task3/build/gazebo_ros_link_attacher/CMakeFiles/CMakeTmp'
Building C object CMakeFiles/cmTC_3848e.dir/CheckSymbolExists.c.o
/usr/bin/cc    -o CMakeFiles/cmTC_3848e.dir/CheckSymbolExists.c.o   -c /home/shashank/ws_task3/build/gazebo_ros_link_attacher/CMakeFiles/CMakeTmp/CheckSymbolExists.c
Linking C executable cmTC_3848e
/usr/bin/cmake -E cmake_link_script CMakeFiles/cmTC_3848e.dir/link.txt --verbose=1
/usr/bin/cc      -rdynamic CMakeFiles/cmTC_3848e.dir/CheckSymbolExists.c.o  -o cmTC_3848e 
CMakeFiles/cmTC_3848e.dir/CheckSymbolExists.c.o: In function `main':
CheckSymbolExists.c:(.text+0x1b): undefined reference to `pthread_create'
collect2: error: ld returned 1 exit status
CMakeFiles/cmTC_3848e.dir/build.make:97: recipe for target 'cmTC_3848e' failed
make[1]: *** [cmTC_3848e] Error 1
make[1]: Leaving directory '/home/shashank/ws_task3/build/gazebo_ros_link_attacher/CMakeFiles/CMakeTmp'
Makefile:126: recipe for target 'cmTC_3848e/fast' failed
make: *** [cmTC_3848e/fast] Error 2

File /home/shashank/ws_task3/build/gazebo_ros_link_attacher/CMakeFiles/CMakeTmp/CheckSymbolExists.c:
/* */
#include <pthread.h>

int main(int argc, char** argv)
{
  (void)argv;
#ifndef pthread_create
  return ((int*)(&pthread_create))[argc];
#else
  (void)argc;
  return 0;
#endif
}

Determining if the function pthread_create exists in the pthreads failed with the following output:
Change Dir: /home/shashank/ws_task3/build/gazebo_ros_link_attacher/CMakeFiles/CMakeTmp

Run Build Command:"/usr/bin/make" "cmTC_af706/fast"
/usr/bin/make -f CMakeFiles/cmTC_af706.dir/build.make CMakeFiles/cmTC_af706.dir/build
make[1]: Entering directory '/home/shashank/ws_task3/build/gazebo_ros_link_attacher/CMakeFiles/CMakeTmp'
Building C object CMakeFiles/cmTC_af706.dir/CheckFunctionExists.c.o
/usr/bin/cc   -DCHECK_FUNCTION_EXISTS=pthread_create   -o CMakeFiles/cmTC_af706.dir/CheckFunctionExists.c.o   -c /usr/share/cmake-3.10/Modules/CheckFunctionExists.c
Linking C executable cmTC_af706
/usr/bin/cmake -E cmake_link_script CMakeFiles/cmTC_af706.dir/link.txt --verbose=1
/usr/bin/cc  -DCHECK_FUNCTION_EXISTS=pthread_create    -rdynamic CMakeFiles/cmTC_af706.dir/CheckFunctionExists.c.o  -o cmTC_af706 -lpthreads 
/usr/bin/ld: cannot find -lpthreads
collect2: error: ld returned 1 exit status
CMakeFiles/cmTC_af706.dir/build.make:97: recipe for target 'cmTC_af706' failed
make[1]: *** [cmTC_af706] Error 1
make[1]: Leaving directory '/home/shashank/ws_task3/build/gazebo_ros_link_attacher/CMakeFiles/CMakeTmp'
Makefile:126: recipe for target 'cmTC_af706/fast' failed
make: *** [cmTC_af706/fast] Error 2


