Determining if the pthread_create exist failed with the following output:
Change Dir: /home/shashank/ws_task3/build/ur5_moveit_config/CMakeFiles/CMakeTmp

Run Build Command:"/usr/bin/make" "cmTC_a9f5f/fast"
/usr/bin/make -f CMakeFiles/cmTC_a9f5f.dir/build.make CMakeFiles/cmTC_a9f5f.dir/build
make[1]: Entering directory '/home/shashank/ws_task3/build/ur5_moveit_config/CMakeFiles/CMakeTmp'
Building C object CMakeFiles/cmTC_a9f5f.dir/CheckSymbolExists.c.o
/usr/bin/cc    -o CMakeFiles/cmTC_a9f5f.dir/CheckSymbolExists.c.o   -c /home/shashank/ws_task3/build/ur5_moveit_config/CMakeFiles/CMakeTmp/CheckSymbolExists.c
Linking C executable cmTC_a9f5f
/usr/bin/cmake -E cmake_link_script CMakeFiles/cmTC_a9f5f.dir/link.txt --verbose=1
/usr/bin/cc      -rdynamic CMakeFiles/cmTC_a9f5f.dir/CheckSymbolExists.c.o  -o cmTC_a9f5f 
CMakeFiles/cmTC_a9f5f.dir/CheckSymbolExists.c.o: In function `main':
CheckSymbolExists.c:(.text+0x1b): undefined reference to `pthread_create'
collect2: error: ld returned 1 exit status
CMakeFiles/cmTC_a9f5f.dir/build.make:97: recipe for target 'cmTC_a9f5f' failed
make[1]: *** [cmTC_a9f5f] Error 1
make[1]: Leaving directory '/home/shashank/ws_task3/build/ur5_moveit_config/CMakeFiles/CMakeTmp'
Makefile:126: recipe for target 'cmTC_a9f5f/fast' failed
make: *** [cmTC_a9f5f/fast] Error 2

File /home/shashank/ws_task3/build/ur5_moveit_config/CMakeFiles/CMakeTmp/CheckSymbolExists.c:
/* */
#include <pthread.h>

int main(int argc, char** argv)
{
  (void)argv;
#ifndef pthread_create
  return ((int*)(&pthread_create))[argc];
#else
  (void)argc;
  return 0;
#endif
}

Determining if the function pthread_create exists in the pthreads failed with the following output:
Change Dir: /home/shashank/ws_task3/build/ur5_moveit_config/CMakeFiles/CMakeTmp

Run Build Command:"/usr/bin/make" "cmTC_cd1e7/fast"
/usr/bin/make -f CMakeFiles/cmTC_cd1e7.dir/build.make CMakeFiles/cmTC_cd1e7.dir/build
make[1]: Entering directory '/home/shashank/ws_task3/build/ur5_moveit_config/CMakeFiles/CMakeTmp'
Building C object CMakeFiles/cmTC_cd1e7.dir/CheckFunctionExists.c.o
/usr/bin/cc   -DCHECK_FUNCTION_EXISTS=pthread_create   -o CMakeFiles/cmTC_cd1e7.dir/CheckFunctionExists.c.o   -c /usr/share/cmake-3.10/Modules/CheckFunctionExists.c
Linking C executable cmTC_cd1e7
/usr/bin/cmake -E cmake_link_script CMakeFiles/cmTC_cd1e7.dir/link.txt --verbose=1
/usr/bin/cc  -DCHECK_FUNCTION_EXISTS=pthread_create    -rdynamic CMakeFiles/cmTC_cd1e7.dir/CheckFunctionExists.c.o  -o cmTC_cd1e7 -lpthreads 
/usr/bin/ld: cannot find -lpthreads
collect2: error: ld returned 1 exit status
CMakeFiles/cmTC_cd1e7.dir/build.make:97: recipe for target 'cmTC_cd1e7' failed
make[1]: *** [cmTC_cd1e7] Error 1
make[1]: Leaving directory '/home/shashank/ws_task3/build/ur5_moveit_config/CMakeFiles/CMakeTmp'
Makefile:126: recipe for target 'cmTC_cd1e7/fast' failed
make: *** [cmTC_cd1e7/fast] Error 2


